C:\Users\user\Desktop\tgucv\NN\nn-lab-5\.venv\Scripts\python.exe main.py
2.2.2+cu118
True
NVIDIA P106-100
Step [0/38] :: loss 3.572516918182373
Step [1/38] :: loss 3.569025993347168
Step [2/38] :: loss 3.564471960067749
Step [3/38] :: loss 3.560426950454712
Step [4/38] :: loss 3.5542500019073486
Step [5/38] :: loss 3.548464775085449
Step [6/38] :: loss 3.5413413047790527
Step [7/38] :: loss 3.5299525260925293
Step [8/38] :: loss 3.516113042831421
Step [9/38] :: loss 3.497131109237671
Step [10/38] :: loss 3.453038215637207
Step [11/38] :: loss 3.4088516235351562
Step [12/38] :: loss 3.3245749473571777
Step [13/38] :: loss 3.138546943664551
Step [14/38] :: loss 2.892263889312744
Step [15/38] :: loss 2.466082811355591
Step [16/38] :: loss 1.7689539194107056
Step [17/38] :: loss 1.1717033386230469
Step [18/38] :: loss 0.57474684715271
Step [19/38] :: loss 0.12951532006263733
Step [20/38] :: loss 0.04720700532197952
Step [21/38] :: loss 0.014005822129547596
Step [22/38] :: loss 0.005730828735977411
Step [23/38] :: loss 0.002097337506711483
Step [24/38] :: loss 0.0011900378158316016
Step [25/38] :: loss 0.0003919329319614917
Step [26/38] :: loss 0.00016625745047349483
Step [27/38] :: loss 7.560185622423887e-05
Step [28/38] :: loss 4.881371569354087e-05
Step [29/38] :: loss 4.2167874198639765e-05
Step [30/38] :: loss 2.4796849174890667e-05
Step [31/38] :: loss 1.8490263755666092e-05
Step [32/38] :: loss 1.718957173579838e-05
Step [33/38] :: loss 1.8798427845467813e-05
Step [34/38] :: loss 1.2004434211121406e-05
Step [35/38] :: loss 1.0908271178777795e-05
Step [36/38] :: loss 9.409396625414956e-06
Step [37/38] :: loss 8.321010682266206e-06
Epoch 1/25 - Train Loss: 1.5224 | Val Loss: 0.0000
Step [0/38] :: loss 6.157266398076899e-06
Step [1/38] :: loss 7.964171345520299e-06
Step [2/38] :: loss 5.436703759187367e-06
Step [3/38] :: loss 5.87202384849661e-06
Step [4/38] :: loss 5.560410045291064e-06
Step [5/38] :: loss 4.589403488353128e-06
Step [6/38] :: loss 3.559865717761568e-06
Step [7/38] :: loss 2.9125089895387646e-06
Step [8/38] :: loss 3.702115009218687e-06
Step [9/38] :: loss 2.8653498702624347e-06
Step [10/38] :: loss 2.277133035022416e-06
Step [11/38] :: loss 1.4773514749322203e-06
Step [12/38] :: loss 2.194463149862713e-06
Step [13/38] :: loss 1.8726991584117059e-06
Step [14/38] :: loss 1.667391870796564e-06
Step [15/38] :: loss 1.600640302967804e-06
Step [16/38] :: loss 1.6181001001314144e-06
Step [17/38] :: loss 1.972040763575933e-06
Step [18/38] :: loss 7.617439905516221e-07
Step [19/38] :: loss 9.657048849476269e-07
Step [20/38] :: loss 6.886630785629677e-07
Step [21/38] :: loss 8.339353598785237e-07
Step [22/38] :: loss 8.325122848873434e-07
Step [23/38] :: loss 6.607058935514942e-07
Step [24/38] :: loss 1.7935664118340355e-06
Step [25/38] :: loss 4.6883999971214507e-07
Step [26/38] :: loss 1.0084078212457825e-06
Step [27/38] :: loss 8.115297305266722e-07
Step [28/38] :: loss 1.1290991324131028e-06
Step [29/38] :: loss 2.779965768695547e-07
Step [30/38] :: loss 8.541347824575496e-07
Step [31/38] :: loss 1.080577590073517e-06
Step [32/38] :: loss 2.974760775487084e-07
Step [33/38] :: loss 8.791117807049886e-07
Step [34/38] :: loss 4.62415584934206e-07
Step [35/38] :: loss 2.3183267217063985e-07
Step [36/38] :: loss 4.33682060929641e-07
Step [37/38] :: loss 5.959083750894933e-07
Epoch 2/25 - Train Loss: 0.0000 | Val Loss: 0.0000
Step [0/38] :: loss 4.7384125423377554e-07
Step [1/38] :: loss 1.4202956322151294e-07
Step [2/38] :: loss 5.207174922361446e-07
Step [3/38] :: loss 3.770243210965418e-07
Step [4/38] :: loss 4.996740017304546e-07
Step [5/38] :: loss 7.763515554870537e-07
Step [6/38] :: loss 6.226601385606045e-07
Step [7/38] :: loss 2.1073286404771352e-07
Step [8/38] :: loss 3.52343306531111e-07
Step [9/38] :: loss 6.058560870769725e-07
Step [10/38] :: loss 4.6136753439895983e-07
Step [11/38] :: loss 5.761427246397943e-07
Step [12/38] :: loss 3.878327561324113e-07
Step [13/38] :: loss 3.7921233797533205e-07
Step [14/38] :: loss 2.90645658651556e-07
Step [15/38] :: loss 6.786295330130088e-07
Step [16/38] :: loss 6.825923151154711e-07
Step [17/38] :: loss 3.289430594577425e-07
Step [18/38] :: loss 3.9874791468719195e-07
Step [19/38] :: loss 6.277070383475802e-07
Step [20/38] :: loss 2.3055730480336933e-07
Step [21/38] :: loss 2.631543623010657e-07
Step [22/38] :: loss 2.5784081003621395e-07
Step [23/38] :: loss 3.666841763561024e-08
Step [24/38] :: loss 1.6343157938081276e-07
Step [25/38] :: loss 6.154009213332756e-08
Step [26/38] :: loss 1.9765364811519248e-07
Step [27/38] :: loss 1.9775127668708592e-07
Step [28/38] :: loss 3.8529049106728053e-07
Step [29/38] :: loss 8.784152782936872e-08
Step [30/38] :: loss 5.989789997329353e-07
Step [31/38] :: loss 3.915978368240758e-07
Step [32/38] :: loss 2.4660297981426993e-07
Step [33/38] :: loss 1.524361010751818e-07
Step [34/38] :: loss 1.5887123083757615e-07
Step [35/38] :: loss 2.003220487267754e-07
Step [36/38] :: loss 1.4768305334200704e-07
Step [37/38] :: loss 2.8268885898796725e-07
Epoch 3/25 - Train Loss: 0.0000 | Val Loss: 0.0000
Step [0/38] :: loss 1.5447534451595857e-07
Step [1/38] :: loss 2.630048641094618e-07
Step [2/38] :: loss 1.4612022880555742e-07
Step [3/38] :: loss 2.2923617848391586e-07
Step [4/38] :: loss 6.228730597968024e-08
Step [5/38] :: loss 9.242345555549036e-08
Step [6/38] :: loss 1.1974003655268461e-07
Step [7/38] :: loss 2.5933601932592865e-07
Step [8/38] :: loss 1.5007231013441924e-07
Step [9/38] :: loss 1.2362629320250562e-07
Step [10/38] :: loss 1.5976328882061352e-07
Step [11/38] :: loss 7.24624911185856e-08
Step [12/38] :: loss 2.4358217842745944e-07
Step [13/38] :: loss 1.386230081834583e-07
Step [14/38] :: loss 1.2519828374024655e-07
Step [15/38] :: loss 3.170598006363434e-07
Step [16/38] :: loss 1.1442645586612343e-07
Step [17/38] :: loss 1.4126266023595235e-07
Step [18/38] :: loss 6.86653223169742e-08
Step [19/38] :: loss 1.271463503371706e-07
Step [20/38] :: loss 1.804574338848397e-07
Step [21/38] :: loss 1.7175543121084047e-07
Step [22/38] :: loss 1.6558523441290163e-07
Step [23/38] :: loss 5.1803894507429504e-08
Step [24/38] :: loss 2.620659813601378e-07
Step [25/38] :: loss 1.8472634621957695e-07
Step [26/38] :: loss 3.9161943021781553e-08
Step [27/38] :: loss 1.3843069268659747e-07
Step [28/38] :: loss 4.1667622241448043e-08
Step [29/38] :: loss 6.985813882920411e-08
Step [30/38] :: loss 3.729771336224985e-08
Step [31/38] :: loss 1.6942955483045807e-07
Step [32/38] :: loss 3.594628594782989e-07
Step [33/38] :: loss 1.0770575187279974e-07
Step [34/38] :: loss 1.9581551669034525e-07
Step [35/38] :: loss 1.5539181674739666e-07
Step [36/38] :: loss 1.241231188942038e-07
Step [37/38] :: loss 2.3622443734439003e-07
Epoch 4/25 - Train Loss: 0.0000 | Val Loss: 0.0000
Step [0/38] :: loss 2.7263677537803233e-08
Step [1/38] :: loss 1.9117383942557353e-07
Step [2/38] :: loss 1.763357033723878e-07
Step [3/38] :: loss 1.8408356083909894e-07
Step [4/38] :: loss 3.1000016775806216e-08
Step [5/38] :: loss 1.5503967176755395e-07
Step [6/38] :: loss 1.2989282538455882e-07
Step [7/38] :: loss 2.443291080567178e-08
Step [8/38] :: loss 6.60021157727897e-08
Step [9/38] :: loss 1.7128222395967896e-07
Step [10/38] :: loss 9.146693003003747e-08
Step [11/38] :: loss 1.1294022783658875e-07
Step [12/38] :: loss 7.41280672400535e-08
Step [13/38] :: loss 2.545012556254278e-08
Step [14/38] :: loss 1.2632587242933369e-07
Step [15/38] :: loss 2.168407142733031e-08
Step [16/38] :: loss 1.140905041552287e-07
Step [17/38] :: loss 3.303834006374018e-08
Step [18/38] :: loss 2.5913141143973917e-07
Step [19/38] :: loss 1.897434920294927e-08
Step [20/38] :: loss 1.4091834543705772e-07
Step [21/38] :: loss 1.5243018935962027e-07
Step [22/38] :: loss 6.749169756403717e-08
Step [23/38] :: loss 9.89953363728091e-08
Step [24/38] :: loss 2.0455752647308145e-08
Step [25/38] :: loss 6.04309917662249e-08
Step [26/38] :: loss 1.0144723461280591e-07
Step [27/38] :: loss 6.544632213945079e-08
Step [28/38] :: loss 5.586140261470973e-08
Step [29/38] :: loss 2.0693052249498578e-07
Step [30/38] :: loss 1.8168722704103857e-07
Step [31/38] :: loss 1.0037343400881582e-07
Step [32/38] :: loss 1.1967101443133288e-07
Step [33/38] :: loss 6.708792454901413e-08
Step [34/38] :: loss 1.7200052582211356e-07
Step [35/38] :: loss 3.932308345611091e-08
Step [36/38] :: loss 3.7010465803177794e-08
Step [37/38] :: loss 2.522123132564502e-08
Epoch 5/25 - Train Loss: 0.0000 | Val Loss: 0.0000
Step [0/38] :: loss 1.7361604420784715e-07
Step [1/38] :: loss 1.9550524754663456e-08
Step [2/38] :: loss 7.647707178648488e-08
Step [3/38] :: loss 7.620462838531239e-08
Step [4/38] :: loss 3.779044632779005e-08
Step [5/38] :: loss 4.1741660794514246e-08
Step [6/38] :: loss 4.774090456294289e-08
Step [7/38] :: loss 1.391606048173344e-07
Step [8/38] :: loss 1.0407109130028402e-07
Step [9/38] :: loss 2.980423019494083e-08
Step [10/38] :: loss 7.067503560165278e-08
Step [11/38] :: loss 1.0665486627203791e-07
Step [12/38] :: loss 3.72409445503763e-08
Step [13/38] :: loss 4.409257314819115e-08
Step [14/38] :: loss 7.787445355234013e-08
Step [15/38] :: loss 2.335383086915499e-08
Step [16/38] :: loss 1.2354192335806147e-07
Step [17/38] :: loss 2.4990143288050604e-07
Step [18/38] :: loss 9.047710847198687e-08
Step [19/38] :: loss 6.556565068649434e-08
Step [20/38] :: loss 2.672575938333921e-08
Step [21/38] :: loss 1.347681717334126e-07
Step [22/38] :: loss 1.1052211590367733e-07
Step [23/38] :: loss 6.110852268648159e-08
Step [24/38] :: loss 7.143088254224494e-08
Step [25/38] :: loss 1.1752538497944442e-08
Step [26/38] :: loss 9.783601484514293e-08
Step [27/38] :: loss 4.884953597183994e-08
Step [28/38] :: loss 3.730787057065754e-08
Step [29/38] :: loss 1.017821560367338e-07
Step [30/38] :: loss 4.022031063755094e-08
Step [31/38] :: loss 2.310295954544017e-08
Step [32/38] :: loss 7.042644512011975e-08
Step [33/38] :: loss 5.7952128429406e-08
Step [34/38] :: loss 6.889282389010987e-08
Step [35/38] :: loss 6.931353624395342e-08
Step [36/38] :: loss 6.362131443893304e-08
Step [37/38] :: loss 1.4023065375567967e-07
Epoch 6/25 - Train Loss: 0.0000 | Val Loss: 0.0000
Step [0/38] :: loss 5.141012948683965e-08
Step [1/38] :: loss 4.638944517409982e-08
Step [2/38] :: loss 1.5629687766249845e-08
Step [3/38] :: loss 9.655266808294982e-09
Step [4/38] :: loss 2.7070051089594926e-08
Step [5/38] :: loss 2.8655710693215042e-08
Step [6/38] :: loss 6.873974456311771e-08
Step [7/38] :: loss 2.5809063330939352e-08
Step [8/38] :: loss 3.4539471727157434e-08
Step [9/38] :: loss 1.439131551705941e-07
Step [10/38] :: loss 9.151951729791108e-08
Step [11/38] :: loss 6.361462112636218e-08
Step [12/38] :: loss 1.1012571299318097e-08
Step [13/38] :: loss 9.341562900999634e-08
Step [14/38] :: loss 7.964369075352806e-08
Step [15/38] :: loss 1.0682020246122192e-07
Step [16/38] :: loss 4.341165293908489e-08
Step [17/38] :: loss 6.543377395473726e-08
Step [18/38] :: loss 5.923902790527791e-08
Step [19/38] :: loss 1.3890432803975727e-08
Step [20/38] :: loss 3.049045105285586e-08
Step [21/38] :: loss 2.7436374949729725e-08
Step [22/38] :: loss 5.9551538811319915e-08
Step [23/38] :: loss 9.031844427909164e-08
Step [24/38] :: loss 3.445631335807775e-08
Step [25/38] :: loss 4.993738400571601e-08
Step [26/38] :: loss 6.30011243174522e-08
Step [27/38] :: loss 1.8545466673458577e-07
Step [28/38] :: loss 2.7304698946295503e-08
Step [29/38] :: loss 6.235011085209408e-08
Step [30/38] :: loss 7.576078786541984e-08
Step [31/38] :: loss 3.5861418723470706e-08
Step [32/38] :: loss 3.9234329562987114e-08
Step [33/38] :: loss 1.0399113392622894e-07
Step [34/38] :: loss 2.8713108335409743e-08
Step [35/38] :: loss 6.895984938637412e-08
Step [36/38] :: loss 3.7038013545043214e-08
Step [37/38] :: loss 5.713973294518837e-09
Epoch 7/25 - Train Loss: 0.0000 | Val Loss: 0.0000
Step [0/38] :: loss 7.130443346881066e-09
Step [1/38] :: loss 4.41770779957551e-08
Step [2/38] :: loss 5.288257298730059e-08
Step [3/38] :: loss 8.374065174621137e-08
Step [4/38] :: loss 1.1098389762764782e-07
Step [5/38] :: loss 9.347284191107974e-08
Step [6/38] :: loss 2.920409514217681e-08
Step [7/38] :: loss 1.9320577138159933e-08
Step [8/38] :: loss 1.283562625076229e-07
Step [9/38] :: loss 3.503462053799922e-08
Step [10/38] :: loss 4.8341391334361106e-08
Step [11/38] :: loss 5.057913909922718e-08
Step [12/38] :: loss 3.8193451956658464e-08
Step [13/38] :: loss 1.1906934105354594e-08
Step [14/38] :: loss 1.697677198819747e-08
Step [15/38] :: loss 4.760852334584342e-08
Step [16/38] :: loss 2.8195369594641306e-08
Step [17/38] :: loss 8.313489274769381e-08
Step [18/38] :: loss 1.379140979196336e-08
Step [19/38] :: loss 2.2995850557094855e-08
Step [20/38] :: loss 1.1605321148522307e-08
Step [21/38] :: loss 1.908322211363611e-08
Step [22/38] :: loss 5.7394526464804585e-08
Step [23/38] :: loss 5.063344232780764e-08
Step [24/38] :: loss 6.147917019916349e-08
Step [25/38] :: loss 7.345602170971688e-08
Step [26/38] :: loss 9.969944869681058e-08
Step [27/38] :: loss 8.284116503887162e-09
Step [28/38] :: loss 7.4150938722539195e-09
Step [29/38] :: loss 2.7249964063003063e-08
Step [30/38] :: loss 6.957550624520081e-08
Step [31/38] :: loss 1.9152281538481475e-08
Step [32/38] :: loss 2.5312088425266666e-08
Step [33/38] :: loss 3.4200134280126804e-08
Step [34/38] :: loss 2.6653506068896604e-08
Step [35/38] :: loss 1.9277624829783235e-08
Step [36/38] :: loss 2.5439515383141043e-08
Step [37/38] :: loss 5.019687776552928e-09
Epoch 8/25 - Train Loss: 0.0000 | Val Loss: 0.0000
Step [0/38] :: loss 1.4111931179172643e-08
Step [1/38] :: loss 2.0332603156703044e-08
Step [2/38] :: loss 4.265724840024632e-08
Step [3/38] :: loss 6.134371677291028e-09
Step [4/38] :: loss 2.198203397085763e-08
Step [5/38] :: loss 6.025172183399263e-08
Step [6/38] :: loss 4.504854089759647e-08
Step [7/38] :: loss 4.099742056951072e-08
Step [8/38] :: loss 3.870490417057226e-08
Step [9/38] :: loss 6.13712236585684e-09
Step [10/38] :: loss 3.670685799761486e-08
Step [11/38] :: loss 1.4642841605905232e-08
Step [12/38] :: loss 4.517891838418109e-08
Step [13/38] :: loss 2.6674541686588782e-08
Step [14/38] :: loss 5.147503401303766e-08
Step [15/38] :: loss 5.00173911177626e-08
Step [16/38] :: loss 2.521149511380827e-08
Step [17/38] :: loss 3.811253890262378e-08
Step [18/38] :: loss 5.337533437455022e-08
Step [19/38] :: loss 1.771139856998616e-08
Step [20/38] :: loss 1.2081056155466285e-08
Step [21/38] :: loss 1.0398122363142193e-08
Step [22/38] :: loss 2.8472248558841784e-08
Step [23/38] :: loss 6.787341533254221e-08
Step [24/38] :: loss 4.32124096505504e-08
Step [25/38] :: loss 5.9450329104038246e-08
Step [26/38] :: loss 5.8486907761334805e-08
Step [27/38] :: loss 2.931089859714575e-08
Step [28/38] :: loss 1.2377468827651228e-08
Step [29/38] :: loss 2.490986261705075e-08
Step [30/38] :: loss 2.299992019061392e-08
Step [31/38] :: loss 1.0345986289905795e-08
Step [32/38] :: loss 6.624004811328632e-08
Step [33/38] :: loss 5.504050548665873e-08
Step [34/38] :: loss 4.9586454053951456e-08
Step [35/38] :: loss 2.2713432912269127e-08
Step [36/38] :: loss 5.5980258650834e-08
Step [37/38] :: loss 2.6959314780583554e-08
Epoch 9/25 - Train Loss: 0.0000 | Val Loss: 0.0000
Step [0/38] :: loss 2.2644252695158684e-08
Step [1/38] :: loss 2.5666700764759298e-08
Step [2/38] :: loss 2.999935588832159e-08
Step [3/38] :: loss 5.3314486159194985e-09
Step [4/38] :: loss 2.364758877604345e-08
Step [5/38] :: loss 5.921443602119325e-08
Step [6/38] :: loss 1.4863058339642521e-08
Step [7/38] :: loss 7.310526939363626e-08
Step [8/38] :: loss 5.2549978590832325e-08
Step [9/38] :: loss 6.983297851093084e-08
Step [10/38] :: loss 1.2785625891353902e-08
Step [11/38] :: loss 1.183829301254491e-08
Step [12/38] :: loss 1.862025733601058e-08
Step [13/38] :: loss 1.4480099785885159e-08
Step [14/38] :: loss 3.90826677687528e-08
Step [15/38] :: loss 5.4035627528037367e-08
Step [16/38] :: loss 2.7445496542100045e-08
Step [17/38] :: loss 1.0391888238814317e-08
Step [18/38] :: loss 2.1540556005561484e-08
Step [19/38] :: loss 3.430227479839232e-08
Step [20/38] :: loss 3.280507243630382e-08
Step [21/38] :: loss 5.487005694249092e-08
Step [22/38] :: loss 1.787058856450585e-08
Step [23/38] :: loss 3.1066779371258235e-08
Step [24/38] :: loss 4.644831719247122e-08
Step [25/38] :: loss 2.93103958881602e-08
Step [26/38] :: loss 6.202664604160191e-09
Step [27/38] :: loss 3.01699216720408e-08
Step [28/38] :: loss 5.229097155279305e-09
Step [29/38] :: loss 1.6097922994617875e-08
Step [30/38] :: loss 1.3746014326798672e-09
Step [31/38] :: loss 4.2740332162338746e-08
Step [32/38] :: loss 2.1740444111628676e-08
Step [33/38] :: loss 2.2532924859319792e-08
Step [34/38] :: loss 2.936693777044752e-09
Step [35/38] :: loss 2.134482457449849e-08
Step [36/38] :: loss 3.528719361156618e-08
Step [37/38] :: loss 7.329283135959486e-08
Epoch 10/25 - Train Loss: 0.0000 | Val Loss: 0.0000
Step [0/38] :: loss 4.8325780710456456e-08
Step [1/38] :: loss 4.796458341616017e-08
Step [2/38] :: loss 4.395022124015213e-09
Step [3/38] :: loss 1.6320919726808825e-08
Step [4/38] :: loss 2.715830405009001e-08
Step [5/38] :: loss 3.6324863117442874e-08
Step [6/38] :: loss 3.679446791693408e-08
Step [7/38] :: loss 5.895919752418877e-09
Step [8/38] :: loss 3.705769202611009e-08
Step [9/38] :: loss 2.5599449671176444e-08
Step [10/38] :: loss 1.851153186294141e-08
Step [11/38] :: loss 4.694230337776162e-09
Step [12/38] :: loss 7.374608923527148e-09
Step [13/38] :: loss 2.482801875203222e-08
Step [14/38] :: loss 2.242994945333976e-08
Step [15/38] :: loss 2.3191145004375358e-08
Step [16/38] :: loss 4.017635291120314e-08
Step [17/38] :: loss 3.706993112473356e-08
Step [18/38] :: loss 5.886167997459779e-08
Step [19/38] :: loss 1.97426786030519e-08
Step [20/38] :: loss 5.3171074654301265e-08
Step [21/38] :: loss 4.031363332046567e-08
Step [22/38] :: loss 1.569622298802642e-08
Step [23/38] :: loss 3.585287089435951e-08
Step [24/38] :: loss 1.486409839657199e-08
Step [25/38] :: loss 5.159186855507869e-09
Step [26/38] :: loss 3.51245055263405e-09
Step [27/38] :: loss 3.4102885848597e-08
Step [28/38] :: loss 2.3257560322065274e-09
Step [29/38] :: loss 5.019471505107731e-09
Step [30/38] :: loss 4.010547272059739e-08
Step [31/38] :: loss 3.2268921756895e-08
Step [32/38] :: loss 1.6643545208694377e-08
Step [33/38] :: loss 3.743312859683101e-08
Step [34/38] :: loss 4.652399798743545e-09
Step [35/38] :: loss 1.710604213833733e-09
Step [36/38] :: loss 1.5259816521506764e-08
Step [37/38] :: loss 5.475591535741842e-09
Epoch 11/25 - Train Loss: 0.0000 | Val Loss: 0.0000
Step [0/38] :: loss 7.789987321871195e-09
Step [1/38] :: loss 2.0834092229193857e-09
Step [2/38] :: loss 5.191174068386317e-08
Step [3/38] :: loss 2.0685744672732653e-08
Step [4/38] :: loss 8.920968852521582e-09
Step [5/38] :: loss 2.2064018168066468e-08
Step [6/38] :: loss 3.973507034515933e-08
Step [7/38] :: loss 5.374585754225336e-08
Step [8/38] :: loss 1.0587725363109257e-08
Step [9/38] :: loss 3.306795903768034e-08
Step [10/38] :: loss 4.0696132685980047e-08
Step [11/38] :: loss 2.459279224709121e-09
Step [12/38] :: loss 5.483608678247265e-09
Step [13/38] :: loss 1.9685597152374612e-08
Step [14/38] :: loss 8.897189651690951e-09
Step [15/38] :: loss 7.074199448453555e-09
Step [16/38] :: loss 1.477618827294691e-08
Step [17/38] :: loss 2.1956001461376218e-08
Step [18/38] :: loss 2.3994720876885367e-08
Step [19/38] :: loss 1.3004064491894951e-08
Step [20/38] :: loss 2.980564062227131e-08
Step [21/38] :: loss 3.022228467486343e-09
Step [22/38] :: loss 3.486668020968864e-08
Step [23/38] :: loss 8.076702862069851e-09
Step [24/38] :: loss 8.941247742200176e-09
Step [25/38] :: loss 4.160106925610307e-09
Step [26/38] :: loss 1.3640117479951641e-08
Step [27/38] :: loss 2.0952777290972335e-08
Step [28/38] :: loss 2.5720590102196184e-08
Step [29/38] :: loss 4.640374839937067e-08
Step [30/38] :: loss 1.6311386019651763e-08
Step [31/38] :: loss 1.7168330757044714e-08
Step [32/38] :: loss 4.845757572979892e-08
Step [33/38] :: loss 1.4021433791810978e-08
Step [34/38] :: loss 1.5241393924725344e-08
Step [35/38] :: loss 1.1764353935461713e-08
Step [36/38] :: loss 1.6551974013623294e-08
Step [37/38] :: loss 1.747595845813521e-08
Epoch 12/25 - Train Loss: 0.0000 | Val Loss: 0.0000
Step [0/38] :: loss 2.7320380624473728e-08
Step [1/38] :: loss 4.8445297551324984e-08
Step [2/38] :: loss 2.7591035234308947e-08
Step [3/38] :: loss 1.486858303145766e-09
Step [4/38] :: loss 2.394394194027427e-08
Step [5/38] :: loss 3.7637686745028986e-08
Step [6/38] :: loss 3.102080148309483e-09
Step [7/38] :: loss 3.952661309369887e-09
Step [8/38] :: loss 3.157921213414738e-08
Step [9/38] :: loss 8.575245402653309e-09
Step [10/38] :: loss 1.7552917341845387e-08
Step [11/38] :: loss 2.3179858033017808e-08
Step [12/38] :: loss 1.280233696832056e-08
Step [13/38] :: loss 9.979330251042029e-09
Step [14/38] :: loss 3.522946556699935e-08
Step [15/38] :: loss 1.689286399653156e-08
Step [16/38] :: loss 2.7214476006065524e-08
Step [17/38] :: loss 1.1706470459671436e-08
Step [18/38] :: loss 9.14986753031144e-09
Step [19/38] :: loss 9.072664397535846e-09
Step [20/38] :: loss 1.6928895618661954e-08
Step [21/38] :: loss 3.339192256035517e-09
Step [22/38] :: loss 8.838406451161518e-09
Step [23/38] :: loss 2.516267905150471e-08
Step [24/38] :: loss 2.0697996205853997e-08
Step [25/38] :: loss 3.7094696203610056e-09
Step [26/38] :: loss 2.1136877137450938e-08
Step [27/38] :: loss 2.02345820099481e-08
Step [28/38] :: loss 1.2012123740134939e-08
Step [29/38] :: loss 1.60272399796213e-08
Step [30/38] :: loss 1.603418620099717e-09
Step [31/38] :: loss 1.9598294542788608e-08
Step [32/38] :: loss 5.8320277496193285e-09
Step [33/38] :: loss 2.2930755960715032e-08
Step [34/38] :: loss 1.2078016808914072e-08
Step [35/38] :: loss 1.7527689522012224e-08
Step [36/38] :: loss 1.2575761765276638e-08
Step [37/38] :: loss 1.8566261417163332e-08
Epoch 13/25 - Train Loss: 0.0000 | Val Loss: 0.0000
Step [0/38] :: loss 1.4286130056717639e-09
Step [1/38] :: loss 2.3442165542064686e-08
Step [2/38] :: loss 7.534270984876912e-09
Step [3/38] :: loss 1.3832370804323091e-08
Step [4/38] :: loss 3.01013791670357e-08
Step [5/38] :: loss 9.859930649724902e-09
Step [6/38] :: loss 7.885230246529318e-09
Step [7/38] :: loss 1.0854744658672644e-08
Step [8/38] :: loss 2.7961450044244884e-08
Step [9/38] :: loss 8.674749807369153e-09
Step [10/38] :: loss 4.466365499666836e-09
Step [11/38] :: loss 2.5984007834267686e-08
Step [12/38] :: loss 1.934362714450799e-08
Step [13/38] :: loss 1.2048862352287415e-08
Step [14/38] :: loss 1.3013068844713871e-08
Step [15/38] :: loss 8.081669555792814e-09
Step [16/38] :: loss 3.717898522381802e-08
Step [17/38] :: loss 9.52883283389383e-09
Step [18/38] :: loss 1.0050964505126103e-08
Step [19/38] :: loss 8.006818319472586e-09
Step [20/38] :: loss 2.244623509284338e-08
Step [21/38] :: loss 2.9653846045363252e-09
Step [22/38] :: loss 1.185028786210296e-08
Step [23/38] :: loss 2.390472930713372e-09
Step [24/38] :: loss 1.4482649746128118e-08
Step [25/38] :: loss 2.370969864884387e-09
Step [26/38] :: loss 2.1446187048468346e-08
Step [27/38] :: loss 8.925131744774717e-09
Step [28/38] :: loss 1.1400396182636996e-08
Step [29/38] :: loss 4.037719136817941e-08
Step [30/38] :: loss 2.4795316910797283e-09
Step [31/38] :: loss 2.9142116275693297e-08
Step [32/38] :: loss 1.0389656246445611e-08
Step [33/38] :: loss 2.6803041563994157e-08
Step [34/38] :: loss 7.790231570936612e-09
Step [35/38] :: loss 2.2125634657754745e-08
Step [36/38] :: loss 2.2330000071235645e-09
Step [37/38] :: loss 1.8199107998384534e-08
Epoch 14/25 - Train Loss: 0.0000 | Val Loss: 0.0000
Step [0/38] :: loss 3.748336752096293e-09
Step [1/38] :: loss 1.3036396850907295e-08
Step [2/38] :: loss 2.7081107134563354e-08
Step [3/38] :: loss 5.9376286110079946e-09
Step [4/38] :: loss 3.5787524055308495e-09
Step [5/38] :: loss 1.189124887446269e-08
Step [6/38] :: loss 1.8850758731758788e-09
Step [7/38] :: loss 1.214128708681983e-08
Step [8/38] :: loss 6.617210779324978e-09
Step [9/38] :: loss 1.7655876760613864e-08
Step [10/38] :: loss 1.3295166745308507e-08
Step [11/38] :: loss 2.38785835549038e-09
Step [12/38] :: loss 2.429832690609146e-08
Step [13/38] :: loss 3.5541983578468717e-08
Step [14/38] :: loss 1.3877708759935103e-08
Step [15/38] :: loss 6.495702198350273e-09
Step [16/38] :: loss 1.118692694035417e-08
Step [17/38] :: loss 7.449158623273888e-09
Step [18/38] :: loss 1.0693765872815675e-08
Step [19/38] :: loss 1.3476522120470236e-08
Step [20/38] :: loss 9.712788795468441e-09
Step [21/38] :: loss 2.379579733258197e-08
Step [22/38] :: loss 6.633191773630642e-09
Step [23/38] :: loss 1.3186271630161173e-08
Step [24/38] :: loss 2.3194202114495965e-08
Step [25/38] :: loss 6.2285367974368455e-09
Step [26/38] :: loss 2.1870050215255787e-09
Step [27/38] :: loss 2.7747553144052972e-09
Step [28/38] :: loss 9.187544947053539e-09
Step [29/38] :: loss 1.390914405874355e-08
Step [30/38] :: loss 1.2393035042634892e-08
Step [31/38] :: loss 1.848535013948549e-08
Step [32/38] :: loss 2.7714225581121354e-08
Step [33/38] :: loss 1.6285236270618952e-08
Step [34/38] :: loss 6.3454166365772835e-09
Step [35/38] :: loss 3.265388626161325e-09
Step [36/38] :: loss 9.315781923646682e-09
Step [37/38] :: loss 2.4177998270147327e-08
Epoch 15/25 - Train Loss: 0.0000 | Val Loss: 0.0000
Step [0/38] :: loss 1.1423110457542407e-08
Step [1/38] :: loss 1.6867877761228556e-08
Step [2/38] :: loss 1.361905921370976e-09
Step [3/38] :: loss 3.068907128422893e-09
Step [4/38] :: loss 1.3649703589635465e-09
Step [5/38] :: loss 2.458376080483049e-08
Step [6/38] :: loss 1.54416230913057e-08
Step [7/38] :: loss 2.0661634181351474e-08
Step [8/38] :: loss 1.5673757403078525e-08
Step [9/38] :: loss 5.526357149676642e-09
Step [10/38] :: loss 2.06937267321905e-09
Step [11/38] :: loss 7.323261552727445e-09
Step [12/38] :: loss 1.1465300708835002e-08
Step [13/38] :: loss 1.4394786695959283e-08
Step [14/38] :: loss 9.033935377544822e-09
Step [15/38] :: loss 1.1571088531781015e-09
Step [16/38] :: loss 1.2942407145999368e-08
Step [17/38] :: loss 1.4657208780022302e-08
Step [18/38] :: loss 3.056897179831708e-09
Step [19/38] :: loss 6.442828937025524e-09
Step [20/38] :: loss 1.1411771083658095e-08
Step [21/38] :: loss 1.8702165149875327e-08
Step [22/38] :: loss 1.1961289736461822e-08
Step [23/38] :: loss 1.9369796877555245e-09
Step [24/38] :: loss 1.9020591768281747e-09
Step [25/38] :: loss 1.0374002989976816e-08
Step [26/38] :: loss 2.028246903762465e-08
Step [27/38] :: loss 1.0548288464917732e-08
Step [28/38] :: loss 2.0093136043897175e-08
Step [29/38] :: loss 1.0031528496767805e-08
Step [30/38] :: loss 1.360662071903107e-08
Step [31/38] :: loss 1.0667348782078534e-08
Step [32/38] :: loss 2.0634468356206526e-08
Step [33/38] :: loss 9.931708788712967e-09
Step [34/38] :: loss 1.4723299246455213e-09
Step [35/38] :: loss 6.7355845345673515e-09
Step [36/38] :: loss 4.9611128538629146e-09
Step [37/38] :: loss 2.1450903275876954e-08
Epoch 16/25 - Train Loss: 0.0000 | Val Loss: 0.0000
Step [0/38] :: loss 3.40195285275513e-08
Step [1/38] :: loss 4.093625882717333e-09
Step [2/38] :: loss 9.312444149145449e-09
Step [3/38] :: loss 1.0982430076467153e-08
Step [4/38] :: loss 7.935659240843052e-09
Step [5/38] :: loss 1.0421208340716248e-09
Step [6/38] :: loss 9.607649786858019e-09
Step [7/38] :: loss 2.6810329512017006e-09
Step [8/38] :: loss 1.5919733309388562e-09
Step [9/38] :: loss 1.053886200530485e-09
Step [10/38] :: loss 7.108651445264513e-09
Step [11/38] :: loss 5.339058639641792e-10
Step [12/38] :: loss 7.715263983243403e-09
Step [13/38] :: loss 5.422153837031374e-09
Step [14/38] :: loss 8.576244603375471e-09
Step [15/38] :: loss 1.5593915492218002e-08
Step [16/38] :: loss 1.0796606275675913e-08
Step [17/38] :: loss 3.161979122978664e-08
Step [18/38] :: loss 6.73618139046539e-09
Step [19/38] :: loss 6.363888527260997e-09
Step [20/38] :: loss 4.338980730267394e-09
Step [21/38] :: loss 9.306951320731116e-10
Step [22/38] :: loss 1.476747057971295e-09
Step [23/38] :: loss 4.744773018927617e-09
Step [24/38] :: loss 1.9269741358129977e-08
Step [25/38] :: loss 1.3030867052066242e-08
Step [26/38] :: loss 1.9065449663457912e-08
Step [27/38] :: loss 3.818934057875367e-09
Step [28/38] :: loss 4.30318447541822e-09
Step [29/38] :: loss 1.0615923251577897e-08
Step [30/38] :: loss 6.276058561738296e-10
Step [31/38] :: loss 9.42567357498092e-09
Step [32/38] :: loss 1.6720358431143723e-08
Step [33/38] :: loss 1.3612560856302025e-08
Step [34/38] :: loss 1.570578689324975e-08
Step [35/38] :: loss 5.6907807355344175e-09
Step [36/38] :: loss 8.415548258255967e-09
Step [37/38] :: loss 1.4724197860971344e-08
Epoch 17/25 - Train Loss: 0.0000 | Val Loss: 0.0000
Step [0/38] :: loss 5.367166711067739e-09
Step [1/38] :: loss 7.90806176098613e-09
Step [2/38] :: loss 3.8343586084010894e-09
Step [3/38] :: loss 8.606061641103224e-09
Step [4/38] :: loss 1.3072104287914499e-08
Step [5/38] :: loss 1.0263597083337572e-08
Step [6/38] :: loss 1.0701440622540304e-08
Step [7/38] :: loss 1.0520387894175087e-09
Step [8/38] :: loss 1.4373642720499902e-08
Step [9/38] :: loss 2.905719664880735e-09
Step [10/38] :: loss 5.554772197768898e-09
Step [11/38] :: loss 9.600281458688187e-09
Step [12/38] :: loss 8.685138830344385e-09
Step [13/38] :: loss 1.3978373125667076e-08
Step [14/38] :: loss 1.5200934955217349e-09
Step [15/38] :: loss 7.243293520531324e-09
Step [16/38] :: loss 2.3639756818738533e-08
Step [17/38] :: loss 1.4610281873217446e-08
Step [18/38] :: loss 7.175723126806588e-09
Step [19/38] :: loss 2.7795079571291126e-09
Step [20/38] :: loss 6.402509633574027e-09
Step [21/38] :: loss 8.917237614980422e-09
Step [22/38] :: loss 1.9288257657734675e-09
Step [23/38] :: loss 3.370024925786197e-09
Step [24/38] :: loss 1.3665760967285223e-08
Step [25/38] :: loss 5.718411855148986e-10
Step [26/38] :: loss 8.999393230624264e-09
Step [27/38] :: loss 4.467018754894525e-09
Step [28/38] :: loss 1.3968807444086906e-08
Step [29/38] :: loss 6.507451466575276e-09
Step [30/38] :: loss 1.017140061065902e-08
Step [31/38] :: loss 8.263874029523777e-09
Step [32/38] :: loss 8.77329942028382e-09
Step [33/38] :: loss 2.391699727155583e-09
Step [34/38] :: loss 1.0519911164408313e-08
Step [35/38] :: loss 9.903406095190803e-09
Step [36/38] :: loss 8.127273076752317e-09
Step [37/38] :: loss 6.352120496266878e-10
Epoch 18/25 - Train Loss: 0.0000 | Val Loss: 0.0000
Step [0/38] :: loss 7.967387638529999e-09
Step [1/38] :: loss 1.3989608582676283e-08
Step [2/38] :: loss 1.2858913933655458e-08
Step [3/38] :: loss 8.897208303437765e-09
Step [4/38] :: loss 6.755104031697101e-09
Step [5/38] :: loss 7.4386372617141205e-09
Step [6/38] :: loss 8.216511027114848e-09
Step [7/38] :: loss 1.6746309894344336e-09
Step [8/38] :: loss 2.0274273371256868e-09
Step [9/38] :: loss 2.8265960683171443e-09
Step [10/38] :: loss 3.995269892698161e-09
Step [11/38] :: loss 9.23590981471989e-09
Step [12/38] :: loss 1.7959219889007727e-08
Step [13/38] :: loss 9.531604838741714e-09
Step [14/38] :: loss 1.3471661119979217e-08
Step [15/38] :: loss 5.968070926343216e-09
Step [16/38] :: loss 1.5602855896190704e-08
Step [17/38] :: loss 2.8165048071571164e-09
Step [18/38] :: loss 1.3870723236664162e-08
Step [19/38] :: loss 1.1274882361078653e-08
Step [20/38] :: loss 4.439564715852384e-09
Step [21/38] :: loss 5.832479499368048e-10
Step [22/38] :: loss 9.810219303574286e-10
Step [23/38] :: loss 1.54248649408828e-08
Step [24/38] :: loss 7.39907524138772e-10
Step [25/38] :: loss 1.4447064655698227e-09
Step [26/38] :: loss 5.210992082282928e-09
Step [27/38] :: loss 3.846404972307482e-09
Step [28/38] :: loss 2.5433222194948257e-09
Step [29/38] :: loss 1.3537885479308898e-08
Step [30/38] :: loss 4.274814724425369e-09
Step [31/38] :: loss 8.742306434328384e-09
Step [32/38] :: loss 4.03419164740626e-09
Step [33/38] :: loss 4.345495518975895e-09
Step [34/38] :: loss 2.146622879450888e-09
Step [35/38] :: loss 1.3272256627061552e-09
Step [36/38] :: loss 2.3682731331575724e-09
Step [37/38] :: loss 1.931244320019232e-08
Epoch 19/25 - Train Loss: 0.0000 | Val Loss: 0.0000
Step [0/38] :: loss 1.0651677762041345e-08
Step [1/38] :: loss 1.3531681553047292e-08
Step [2/38] :: loss 1.4265462588980427e-08
Step [3/38] :: loss 2.2021176548925325e-10
Step [4/38] :: loss 6.744257929902631e-10
Step [5/38] :: loss 2.0120658472677633e-09
Step [6/38] :: loss 7.210572583460362e-09
Step [7/38] :: loss 9.327550287707709e-09
Step [8/38] :: loss 4.594522540202206e-09
Step [9/38] :: loss 3.4238931689856145e-09
Step [10/38] :: loss 9.047326776645548e-10
Step [11/38] :: loss 9.167814840616018e-10
Step [12/38] :: loss 1.5779115791758613e-09
Step [13/38] :: loss 4.632813688232318e-09
Step [14/38] :: loss 1.5878237391575567e-08
Step [15/38] :: loss 4.7102370892559975e-09
Step [16/38] :: loss 9.628283947904492e-09
Step [17/38] :: loss 8.995247213761104e-09
Step [18/38] :: loss 2.230202245101509e-09
Step [19/38] :: loss 3.5383881935580064e-10
Step [20/38] :: loss 2.299011869766332e-09
Step [21/38] :: loss 2.9155389213997296e-09
Step [22/38] :: loss 1.1511315456402826e-08
Step [23/38] :: loss 3.041666918335295e-09
Step [24/38] :: loss 2.841467727776603e-09
Step [25/38] :: loss 8.5968993035479e-10
Step [26/38] :: loss 1.2276239580444326e-08
Step [27/38] :: loss 8.710083321261664e-09
Step [28/38] :: loss 4.532603181672812e-09
Step [29/38] :: loss 8.612752289138825e-09
Step [30/38] :: loss 9.157675506799023e-09
Step [31/38] :: loss 9.031978720486222e-09
Step [32/38] :: loss 6.9520647016929615e-09
Step [33/38] :: loss 7.154942416320864e-09
Step [34/38] :: loss 9.784691279435265e-09
Step [35/38] :: loss 9.523835053926177e-10
Step [36/38] :: loss 1.2312174391126973e-08
Step [37/38] :: loss 9.26330301354028e-09
Epoch 20/25 - Train Loss: 0.0000 | Val Loss: 0.0000
Step [0/38] :: loss 1.4460978192687435e-08
Step [1/38] :: loss 7.742204211069748e-09
Step [2/38] :: loss 1.0551510776224404e-09
Step [3/38] :: loss 4.360404037839771e-09
Step [4/38] :: loss 6.008206154817231e-10
Step [5/38] :: loss 1.0512665182815795e-09
Step [6/38] :: loss 7.413542002510098e-10
Step [7/38] :: loss 5.325899277153212e-09
Step [8/38] :: loss 4.49087611542609e-09
Step [9/38] :: loss 9.227651975862727e-10
Step [10/38] :: loss 5.981659612075418e-09
Step [11/38] :: loss 3.755840971564339e-09
Step [12/38] :: loss 7.69125207966681e-09
Step [13/38] :: loss 9.298179115546645e-09
Step [14/38] :: loss 1.4850629170837237e-08
Step [15/38] :: loss 5.823282744898961e-09
Step [16/38] :: loss 3.664620606969038e-09
Step [17/38] :: loss 1.0669290340103998e-08
Step [18/38] :: loss 8.288603137174277e-10
Step [19/38] :: loss 5.48442402603655e-10
Step [20/38] :: loss 9.028932601573558e-10
Step [21/38] :: loss 6.557448806177035e-09
Step [22/38] :: loss 9.559109948042988e-09
Step [23/38] :: loss 6.629549353931452e-09
Step [24/38] :: loss 3.0767011161003666e-09
Step [25/38] :: loss 1.8829380277196606e-09
Step [26/38] :: loss 2.5442175033418835e-09
Step [27/38] :: loss 1.3830580236628975e-08
Step [28/38] :: loss 4.6747512527645085e-09
Step [29/38] :: loss 1.1866730709186868e-08
Step [30/38] :: loss 6.181700928920009e-09
Step [31/38] :: loss 7.820371905609136e-09
Step [32/38] :: loss 8.206810342414883e-09
Step [33/38] :: loss 1.923644576962147e-09
Step [34/38] :: loss 7.298404547384507e-09
Step [35/38] :: loss 6.8582428625063585e-09
Step [36/38] :: loss 5.516096912572266e-09
Step [37/38] :: loss 3.0660716188180004e-09
Epoch 21/25 - Train Loss: 0.0000 | Val Loss: 0.0000
Step [0/38] :: loss 2.9454538807982544e-09
Step [1/38] :: loss 9.572513448574682e-09
Step [2/38] :: loss 6.347512737647776e-09
Step [3/38] :: loss 5.5304658630461745e-09
Step [4/38] :: loss 1.0053643251239919e-08
Step [5/38] :: loss 4.7860955199041655e-09
Step [6/38] :: loss 3.346601051834597e-10
Step [7/38] :: loss 8.229773529322415e-10
Step [8/38] :: loss 1.6587566875614357e-09
Step [9/38] :: loss 1.278758521294776e-08
Step [10/38] :: loss 1.2088449130587264e-09
Step [11/38] :: loss 5.399519720228341e-10
Step [12/38] :: loss 7.883554253851344e-09
Step [13/38] :: loss 4.44419834266796e-09
Step [14/38] :: loss 8.397543771465621e-10
Step [15/38] :: loss 5.548193904303389e-09
Step [16/38] :: loss 2.806524346254946e-09
Step [17/38] :: loss 1.0443022446793293e-08
Step [18/38] :: loss 1.3432340573160673e-08
Step [19/38] :: loss 5.168422578805121e-09
Step [20/38] :: loss 2.6289850851846097e-10
Step [21/38] :: loss 7.1604708828942876e-09
Step [22/38] :: loss 7.398988532969497e-09
Step [23/38] :: loss 6.525194162776415e-09
Step [24/38] :: loss 5.185297968779423e-09
Step [25/38] :: loss 5.897962118694977e-09
Step [26/38] :: loss 1.2074934829797712e-08
Step [27/38] :: loss 1.7328589674292516e-09
Step [28/38] :: loss 1.531413551525418e-09
Step [29/38] :: loss 6.008347153141358e-09
Step [30/38] :: loss 6.606885261106754e-09
Step [31/38] :: loss 4.1880099388436065e-09
Step [32/38] :: loss 3.431670780873475e-10
Step [33/38] :: loss 9.787259891425037e-09
Step [34/38] :: loss 4.6332396252957153e-10
Step [35/38] :: loss 5.288694815419603e-09
Step [36/38] :: loss 3.2446691999865607e-09
Step [37/38] :: loss 5.161047283985809e-11
Epoch 22/25 - Train Loss: 0.0000 | Val Loss: 0.0000
Step [0/38] :: loss 4.737404246668575e-09
Step [1/38] :: loss 5.389315216319801e-09
Step [2/38] :: loss 8.253580929817872e-09
Step [3/38] :: loss 3.250645308483513e-09
Step [4/38] :: loss 5.279864101481735e-09
Step [5/38] :: loss 6.081191994411483e-09
Step [6/38] :: loss 1.643505331827555e-09
Step [7/38] :: loss 8.748017310544753e-10
Step [8/38] :: loss 3.143344029510331e-09
Step [9/38] :: loss 5.2335660249980265e-09
Step [10/38] :: loss 6.956331066731991e-09
Step [11/38] :: loss 1.661858095580726e-09
Step [12/38] :: loss 4.882383386473066e-09
Step [13/38] :: loss 4.665677288961945e-10
Step [14/38] :: loss 7.303872617825391e-09
Step [15/38] :: loss 2.2847692626726257e-09
Step [16/38] :: loss 8.172013288287872e-09
Step [17/38] :: loss 9.402337575181718e-09
Step [18/38] :: loss 4.040049628173392e-09
Step [19/38] :: loss 8.633938897162352e-09
Step [20/38] :: loss 4.322036506465565e-09
Step [21/38] :: loss 6.237859562219228e-09
Step [22/38] :: loss 1.4496650102557851e-08
Step [23/38] :: loss 1.4318874974605933e-09
Step [24/38] :: loss 7.626764109147643e-09
Step [25/38] :: loss 7.097913368170339e-10
Step [26/38] :: loss 2.2700391566488065e-10
Step [27/38] :: loss 3.990163754963305e-09
Step [28/38] :: loss 5.33544364245131e-09
Step [29/38] :: loss 3.082466948356455e-09
Step [30/38] :: loss 5.681349612984832e-09
Step [31/38] :: loss 8.358818082143671e-10
Step [32/38] :: loss 4.632892736111671e-09
Step [33/38] :: loss 2.8132518536949647e-10
Step [34/38] :: loss 1.1160400603671405e-08
Step [35/38] :: loss 3.717945729064809e-09
Step [36/38] :: loss 1.7268003693615697e-10
Step [37/38] :: loss 2.076148364338337e-09
Epoch 23/25 - Train Loss: 0.0000 | Val Loss: 0.0000
Step [0/38] :: loss 7.614266550604043e-09
Step [1/38] :: loss 5.3079820538926015e-09
Step [2/38] :: loss 3.9663641260290206e-09
Step [3/38] :: loss 4.138805742570639e-09
Step [4/38] :: loss 1.0477581025014615e-09
Step [5/38] :: loss 1.2127269188866308e-09
Step [6/38] :: loss 1.548520534022657e-09
Step [7/38] :: loss 2.611322491574697e-09
Step [8/38] :: loss 4.749850734953043e-09
Step [9/38] :: loss 1.801220061992126e-09
Step [10/38] :: loss 9.580615190074582e-10
Step [11/38] :: loss 4.423323041180538e-09
Step [12/38] :: loss 1.0182297227601111e-09
Step [13/38] :: loss 4.502980655018973e-09
Step [14/38] :: loss 9.488831942405795e-09
Step [15/38] :: loss 1.0613410150739355e-09
Step [16/38] :: loss 2.641079299703364e-10
Step [17/38] :: loss 2.3051395514617212e-10
Step [18/38] :: loss 9.09326480780237e-09
Step [19/38] :: loss 6.466844393315796e-09
Step [20/38] :: loss 2.591626024894822e-09
Step [21/38] :: loss 6.7332242004169984e-09
Step [22/38] :: loss 3.832059114472486e-09
Step [23/38] :: loss 4.4373043017742475e-09
Step [24/38] :: loss 3.356968480972e-09
Step [25/38] :: loss 2.898450590649304e-09
Step [26/38] :: loss 7.583436989477832e-09
Step [27/38] :: loss 1.2859186604430306e-08
Step [28/38] :: loss 7.044925531829449e-09
Step [29/38] :: loss 6.123106910393972e-09
Step [30/38] :: loss 4.381964124888782e-09
Step [31/38] :: loss 1.0152655383066644e-09
Step [32/38] :: loss 3.8995273676789566e-09
Step [33/38] :: loss 2.2834485413625316e-09
Step [34/38] :: loss 7.616153929745906e-09
Step [35/38] :: loss 4.314215651390896e-09
Step [36/38] :: loss 3.4130946957589003e-09
Step [37/38] :: loss 1.304812591307325e-09
Epoch 24/25 - Train Loss: 0.0000 | Val Loss: 0.0000
Step [0/38] :: loss 4.709766798782766e-09
Step [1/38] :: loss 6.136525509958801e-09
Step [2/38] :: loss 4.332108005655755e-09
Step [3/38] :: loss 4.3325534826443857e-10
Step [4/38] :: loss 7.894298409416578e-11
Step [5/38] :: loss 5.984026163474709e-09
Step [6/38] :: loss 6.816296416189971e-09
Step [7/38] :: loss 6.485246117904353e-09
Step [8/38] :: loss 1.2380936276201737e-09
Step [9/38] :: loss 4.989384461140389e-09
Step [10/38] :: loss 2.9075277740986394e-09
Step [11/38] :: loss 2.6684396914333774e-09
Step [12/38] :: loss 6.287491416401281e-09
Step [13/38] :: loss 2.346424166077554e-10
Step [14/38] :: loss 8.728973988070265e-09
Step [15/38] :: loss 3.997424169455144e-09
Step [16/38] :: loss 4.883044635306533e-09
Step [17/38] :: loss 1.2454033360143058e-09
Step [18/38] :: loss 4.642045858815891e-09
Step [19/38] :: loss 2.689922729004479e-09
Step [20/38] :: loss 1.4417592675286528e-09
Step [21/38] :: loss 3.785213475993032e-09
Step [22/38] :: loss 3.8524339274204067e-10
Step [23/38] :: loss 3.267681458751781e-09
Step [24/38] :: loss 1.2751312228331813e-09
Step [25/38] :: loss 2.2859583115319992e-09
Step [26/38] :: loss 1.51795038760838e-08
Step [27/38] :: loss 5.449488860165275e-09
Step [28/38] :: loss 1.0676391992703316e-09
Step [29/38] :: loss 1.2559610018669787e-09
Step [30/38] :: loss 1.1022985857422896e-09
Step [31/38] :: loss 8.044424681941109e-09
Step [32/38] :: loss 2.9692068803655047e-09
Step [33/38] :: loss 2.7765374444044255e-09
Step [34/38] :: loss 2.022316980543337e-09
Step [35/38] :: loss 5.292332350137485e-09
Step [36/38] :: loss 4.247093787768108e-09
Step [37/38] :: loss 2.6114841400470823e-09
Epoch 25/25 - Train Loss: 0.0000 | Val Loss: 0.0000

Результаты на тестовой выборке:
Потери: 0.0000

Process finished with exit code 0
